[debug] [2022-02-06T11:36:53.707Z] ----------------------------------------------------------------------
[debug] [2022-02-06T11:36:53.709Z] Command:       C:\Program Files\nodejs\node.exe C:\Users\LENOVO\AppData\Roaming\npm\node_modules\firebase-tools\lib\bin\firebase.js deploy
[debug] [2022-02-06T11:36:53.709Z] CLI Version:   10.1.4
[debug] [2022-02-06T11:36:53.709Z] Platform:      win32
[debug] [2022-02-06T11:36:53.710Z] Node Version:  v16.13.1
[debug] [2022-02-06T11:36:53.717Z] Time:          Sun Feb 06 2022 17:36:53 GMT+0600 (Bangladesh Standard Time)
[debug] [2022-02-06T11:36:53.717Z] ----------------------------------------------------------------------
[debug] 
[debug] [2022-02-06T11:36:53.721Z] >>> [apiv2][query] GET https://firebase-public.firebaseio.com/cli.json [none]
[debug] [2022-02-06T11:36:53.816Z] > command requires scopes: ["email","openid","https://www.googleapis.com/auth/cloudplatformprojects.readonly","https://www.googleapis.com/auth/firebase","https://www.googleapis.com/auth/cloud-platform"]
[debug] [2022-02-06T11:36:53.816Z] > authorizing via signed-in user (sir.sharif05@gmail.com)
[debug] [2022-02-06T11:36:53.816Z] [iam] checking project phono-3a490 for permissions ["firebase.projects.get","firebasehosting.sites.update"]
[debug] [2022-02-06T11:36:53.817Z] > refreshing access token with scopes: []
[debug] [2022-02-06T11:36:53.818Z] >>> HTTP REQUEST POST https://www.googleapis.com/oauth2/v3/token  
 <request body omitted>
[debug] [2022-02-06T11:36:54.072Z] <<< HTTP RESPONSE 200 {"pragma":"no-cache","cache-control":"no-cache, no-store, max-age=0, must-revalidate","date":"Sun, 06 Feb 2022 11:36:52 GMT","expires":"Mon, 01 Jan 1990 00:00:00 GMT","content-type":"application/json; charset=utf-8","vary":"X-Origin, Referer, Origin,Accept-Encoding","server":"scaffolding on HTTPServer2","x-xss-protection":"0","x-frame-options":"SAMEORIGIN","x-content-type-options":"nosniff","alt-svc":"h3=\":443\"; ma=2592000,h3-29=\":443\"; ma=2592000,h3-Q050=\":443\"; ma=2592000,h3-Q046=\":443\"; ma=2592000,h3-Q043=\":443\"; ma=2592000,quic=\":443\"; ma=2592000; v=\"46,43\"","accept-ranges":"none","transfer-encoding":"chunked"}
[debug] [2022-02-06T11:36:54.092Z] >>> [apiv2][query] POST https://cloudresourcemanager.googleapis.com/v1/projects/phono-3a490:testIamPermissions [none]
[debug] [2022-02-06T11:36:54.093Z] >>> [apiv2][body] POST https://cloudresourcemanager.googleapis.com/v1/projects/phono-3a490:testIamPermissions {"permissions":["firebase.projects.get","firebasehosting.sites.update"]}
[debug] [2022-02-06T11:36:54.870Z] <<< [apiv2][status] GET https://firebase-public.firebaseio.com/cli.json 200
[debug] [2022-02-06T11:36:54.870Z] <<< [apiv2][body] GET https://firebase-public.firebaseio.com/cli.json {"cloudBuildErrorAfter":1594252800000,"cloudBuildWarnAfter":1590019200000,"defaultNode10After":1594252800000,"minVersion":"3.0.5","node8DeploysDisabledAfter":1613390400000,"node8RuntimeDisabledAfter":1615809600000,"node8WarnAfter":1600128000000}
[debug] [2022-02-06T11:36:55.565Z] <<< [apiv2][status] POST https://cloudresourcemanager.googleapis.com/v1/projects/phono-3a490:testIamPermissions 200
[debug] [2022-02-06T11:36:55.566Z] <<< [apiv2][body] POST https://cloudresourcemanager.googleapis.com/v1/projects/phono-3a490:testIamPermissions {"permissions":["firebase.projects.get","firebasehosting.sites.update"]}
[debug] [2022-02-06T11:36:55.568Z] >>> [apiv2][query] GET https://firebase.googleapis.com/v1beta1/projects/phono-3a490 [none]
[debug] [2022-02-06T11:36:56.082Z] <<< [apiv2][status] GET https://firebase.googleapis.com/v1beta1/projects/phono-3a490 200
[debug] [2022-02-06T11:36:56.082Z] <<< [apiv2][body] GET https://firebase.googleapis.com/v1beta1/projects/phono-3a490 {"projectId":"phono-3a490","projectNumber":"40810525685","displayName":"phono","name":"projects/phono-3a490","resources":{"hostingSite":"phono-3a490"},"state":"ACTIVE"}
[info] 
[info] === Deploying to 'phono-3a490'...
[info] 
[info] i  deploying hosting 
[debug] [2022-02-06T11:36:56.087Z] > refreshing access token with scopes: ["email","https://www.googleapis.com/auth/cloud-platform","https://www.googleapis.com/auth/cloudplatformprojects.readonly","https://www.googleapis.com/auth/firebase","openid"]
[debug] [2022-02-06T11:36:56.088Z] >>> HTTP REQUEST POST https://www.googleapis.com/oauth2/v3/token  
 <request body omitted>
[debug] [2022-02-06T11:36:56.325Z] <<< HTTP RESPONSE 200 {"pragma":"no-cache","date":"Sun, 06 Feb 2022 11:36:55 GMT","expires":"Mon, 01 Jan 1990 00:00:00 GMT","cache-control":"no-cache, no-store, max-age=0, must-revalidate","content-type":"application/json; charset=utf-8","vary":"X-Origin, Referer, Origin,Accept-Encoding","server":"scaffolding on HTTPServer2","x-xss-protection":"0","x-frame-options":"SAMEORIGIN","x-content-type-options":"nosniff","alt-svc":"h3=\":443\"; ma=2592000,h3-29=\":443\"; ma=2592000,h3-Q050=\":443\"; ma=2592000,h3-Q046=\":443\"; ma=2592000,h3-Q043=\":443\"; ma=2592000,quic=\":443\"; ma=2592000; v=\"46,43\"","accept-ranges":"none","transfer-encoding":"chunked"}
[debug] [2022-02-06T11:36:56.334Z] >>> HTTP REQUEST POST https://firebasehosting.googleapis.com/v1beta1/sites/phono-3a490/versions  
 {"config":{"rewrites":[{"glob":"**","path":"/index.html"}]},"labels":{"deployment-tool":"cli-firebase"}}
[debug] [2022-02-06T11:36:58.198Z] <<< HTTP RESPONSE 200 {"content-type":"application/json; charset=UTF-8","vary":"X-Origin, Referer, Origin,Accept-Encoding","date":"Sun, 06 Feb 2022 11:36:57 GMT","server":"ESF","cache-control":"private","x-xss-protection":"0","x-frame-options":"SAMEORIGIN","x-content-type-options":"nosniff","alt-svc":"h3=\":443\"; ma=2592000,h3-29=\":443\"; ma=2592000,h3-Q050=\":443\"; ma=2592000,h3-Q046=\":443\"; ma=2592000,h3-Q043=\":443\"; ma=2592000,quic=\":443\"; ma=2592000; v=\"46,43\"","accept-ranges":"none","transfer-encoding":"chunked"}
[info] i  hosting[phono-3a490]: beginning deploy... 
[info] i  hosting[phono-3a490]: found 26 files in build 
[debug] [2022-02-06T11:36:58.599Z] > refreshing access token with scopes: []
[debug] [2022-02-06T11:36:58.599Z] >>> HTTP REQUEST POST https://www.googleapis.com/oauth2/v3/token  
 <request body omitted>
[debug] [2022-02-06T11:36:58.601Z] [hosting] hash cache [YnVpbGQ] stored for 26 files
[debug] [2022-02-06T11:36:58.601Z] [hosting][hash queue][FINAL] {"max":369,"min":4,"avg":30.884615384615383,"active":0,"complete":26,"success":26,"errored":0,"retried":0,"total":26,"elapsed":376}
[debug] [2022-02-06T11:36:58.807Z] <<< HTTP RESPONSE 200 {"pragma":"no-cache","date":"Sun, 06 Feb 2022 11:36:57 GMT","cache-control":"no-cache, no-store, max-age=0, must-revalidate","expires":"Mon, 01 Jan 1990 00:00:00 GMT","content-type":"application/json; charset=utf-8","vary":"X-Origin, Referer, Origin,Accept-Encoding","server":"scaffolding on HTTPServer2","x-xss-protection":"0","x-frame-options":"SAMEORIGIN","x-content-type-options":"nosniff","alt-svc":"h3=\":443\"; ma=2592000,h3-29=\":443\"; ma=2592000,h3-Q050=\":443\"; ma=2592000,h3-Q046=\":443\"; ma=2592000,h3-Q043=\":443\"; ma=2592000,quic=\":443\"; ma=2592000; v=\"46,43\"","accept-ranges":"none","transfer-encoding":"chunked"}
[debug] [2022-02-06T11:36:58.819Z] >>> [apiv2][query] POST https://firebasehosting.googleapis.com/v1beta1/sites/phono-3a490/versions/0f323d1ae0c42718:populateFiles [none]
[debug] [2022-02-06T11:36:58.819Z] >>> [apiv2][body] POST https://firebasehosting.googleapis.com/v1beta1/sites/phono-3a490/versions/0f323d1ae0c42718:populateFiles {"files":{"/favicon.ico":"eae62e993eb980ec8a25058c39d5a51feab118bd2100c4deebb2a9c158ec11f9","/logo192.png":"3ee59515172ee198f3be375979df15ac5345183e656720a381b8872b2a39dc8b","/logo512.png":"ee7e2f3fdb8209c4b6fd7bef6ba50d1b9dba30a25bb5c3126df057e1cb6f5331","/manifest.json":"aff3449bdc238776f5d6d967f19ec491b36aed5fb7f23ccff6500736fd58494a","/phono.json":"46fc674dd16d8c3459836bde002309738ee66306f7b334737141a8c8404fc958","/robots.txt":"bfe106a3fb878dc83461c86818bf74fc1bdc7f28538ba613cd3e775516ce8b49","/asset-manifest.json":"cdbae9dc74c57314939761d67a6b5a9eb5a2fa9f064a92105cfb42aff906a1aa","/index.html":"0fa09ff7c9a7a058e4bd7778529e1acffa3fbb5d1cefa8b157bb8a26bf2edeed","/static/css/2.ee779822.chunk.css":"ca0e56b925f845cc65b5ee860b083f4a3ca683f3fe9fe0ddba05ac43258a473f","/static/css/main.17e9b74d.chunk.css":"c68e8c936b0cca6c33013e8e481d6a1cdc488cbd2c815be859266a8d9c99fa1b","/static/css/main.17e9b74d.chunk.css.map":"eebdec951997a39c850798dcee456e9eaf8d0707a46185477013226c0a1ebb23","/static/js/2.80191986.chunk.js.LICENSE.txt":"542fc514558036a2b9a675d166342f1964988b6a63d28c7e08524ee187be67d1","/static/css/2.ee779822.chunk.css.map":"11d36f701c91debe8d9aef45f7a6df62f7ac7bde4b445b4ae48dfcf356345001","/static/js/3.2686355a.chunk.js":"8f7de4b8be5465bd0df827c238c3e71c5c54328f8a27cf0aac3f62bdc2c0dbf5","/static/js/3.2686355a.chunk.js.map":"0564cfc015d0c201994e7d9dcba3e4385bb0f458ba52ca7f4b44c46a337723dc","/static/js/runtime-main.9d846510.js.map":"61b9605412b6ba42bfb25aa1989570e821110babc12d97eec1437042598e555e","/static/js/runtime-main.9d846510.js":"3942d6581c682edc26627c8a810485a59353d3456d980637f7a911221ddf55f1","/static/js/main.f75b778b.chunk.js":"e007cf5f7c23cf080b8e131b9d4b03f406c97ada71362087c32932b60948acec","/static/media/banner3.9c3a3fc0.jpg":"8a23311f61b6497835c763645add78a6e9e043ace13907e75a6453146722c587","/static/media/review-bg.2197b0dc.jpg":"fe3ecfdddbe36bb9929acb17d71574b255bae2e5ebf60fbbcc2da83682c64d51","/static/media/banner2.b500b13a.jpg":"9b2b45dc3026e032d405baf922b940e867394e7e586effaeb74551fa38e7e3a2","/static/media/about.03c0536f.jpg":"929396291a9c92f97cdb6a6ef8805572640c6100935b5ce7ebc2085d7732a249","/static/js/main.f75b778b.chunk.js.map":"499d8fc54d2b02e7d59b9edc79f34d98733cda1c89356b610e8be8d9448f2c32","/static/media/banner1.d2e9079e.jpg":"4306716d7bf135ecea4e5acd94c0ccf5a9c6819081a7d7593cd88ea8dc610637","/static/js/2.80191986.chunk.js":"39bac7975a0d382eae6791c651c012005f71ae4e3f03a961fef92fb176d6d7de","/static/js/2.80191986.chunk.js.map":"8cc50970b6d4b024f4bafe619ba936f79e39182dd62084830a90807b3d800232"}}
[debug] [2022-02-06T11:37:00.431Z] <<< [apiv2][status] POST https://firebasehosting.googleapis.com/v1beta1/sites/phono-3a490/versions/0f323d1ae0c42718:populateFiles 200
[debug] [2022-02-06T11:37:00.431Z] <<< [apiv2][body] POST https://firebasehosting.googleapis.com/v1beta1/sites/phono-3a490/versions/0f323d1ae0c42718:populateFiles {"uploadRequiredHashes":["3942d6581c682edc26627c8a810485a59353d3456d980637f7a911221ddf55f1","eebdec951997a39c850798dcee456e9eaf8d0707a46185477013226c0a1ebb23","61b9605412b6ba42bfb25aa1989570e821110babc12d97eec1437042598e555e","e007cf5f7c23cf080b8e131b9d4b03f406c97ada71362087c32932b60948acec","8f7de4b8be5465bd0df827c238c3e71c5c54328f8a27cf0aac3f62bdc2c0dbf5","c68e8c936b0cca6c33013e8e481d6a1cdc488cbd2c815be859266a8d9c99fa1b","499d8fc54d2b02e7d59b9edc79f34d98733cda1c89356b610e8be8d9448f2c32","8cc50970b6d4b024f4bafe619ba936f79e39182dd62084830a90807b3d800232","cdbae9dc74c57314939761d67a6b5a9eb5a2fa9f064a92105cfb42aff906a1aa","39bac7975a0d382eae6791c651c012005f71ae4e3f03a961fef92fb176d6d7de","0564cfc015d0c201994e7d9dcba3e4385bb0f458ba52ca7f4b44c46a337723dc","0fa09ff7c9a7a058e4bd7778529e1acffa3fbb5d1cefa8b157bb8a26bf2edeed"],"uploadUrl":"https://upload-firebasehosting.googleapis.com/upload/sites/phono-3a490/versions/0f323d1ae0c42718/files"}
[debug] [2022-02-06T11:37:00.434Z] >>> [apiv2][query] POST https://upload-firebasehosting.googleapis.com/upload/sites/phono-3a490/versions/0f323d1ae0c42718/files/3942d6581c682edc26627c8a810485a59353d3456d980637f7a911221ddf55f1 [none]
[debug] [2022-02-06T11:37:00.434Z] >>> [apiv2][body] POST https://upload-firebasehosting.googleapis.com/upload/sites/phono-3a490/versions/0f323d1ae0c42718/files/3942d6581c682edc26627c8a810485a59353d3456d980637f7a911221ddf55f1 [stream]
[debug] [2022-02-06T11:37:00.435Z] >>> [apiv2][query] POST https://upload-firebasehosting.googleapis.com/upload/sites/phono-3a490/versions/0f323d1ae0c42718/files/eebdec951997a39c850798dcee456e9eaf8d0707a46185477013226c0a1ebb23 [none]
[debug] [2022-02-06T11:37:00.435Z] >>> [apiv2][body] POST https://upload-firebasehosting.googleapis.com/upload/sites/phono-3a490/versions/0f323d1ae0c42718/files/eebdec951997a39c850798dcee456e9eaf8d0707a46185477013226c0a1ebb23 [stream]
[debug] [2022-02-06T11:37:00.436Z] >>> [apiv2][query] POST https://upload-firebasehosting.googleapis.com/upload/sites/phono-3a490/versions/0f323d1ae0c42718/files/61b9605412b6ba42bfb25aa1989570e821110babc12d97eec1437042598e555e [none]
[debug] [2022-02-06T11:37:00.437Z] >>> [apiv2][body] POST https://upload-firebasehosting.googleapis.com/upload/sites/phono-3a490/versions/0f323d1ae0c42718/files/61b9605412b6ba42bfb25aa1989570e821110babc12d97eec1437042598e555e [stream]
[debug] [2022-02-06T11:37:00.437Z] >>> [apiv2][query] POST https://upload-firebasehosting.googleapis.com/upload/sites/phono-3a490/versions/0f323d1ae0c42718/files/e007cf5f7c23cf080b8e131b9d4b03f406c97ada71362087c32932b60948acec [none]
[debug] [2022-02-06T11:37:00.438Z] >>> [apiv2][body] POST https://upload-firebasehosting.googleapis.com/upload/sites/phono-3a490/versions/0f323d1ae0c42718/files/e007cf5f7c23cf080b8e131b9d4b03f406c97ada71362087c32932b60948acec [stream]
[debug] [2022-02-06T11:37:00.438Z] >>> [apiv2][query] POST https://upload-firebasehosting.googleapis.com/upload/sites/phono-3a490/versions/0f323d1ae0c42718/files/8f7de4b8be5465bd0df827c238c3e71c5c54328f8a27cf0aac3f62bdc2c0dbf5 [none]
[debug] [2022-02-06T11:37:00.438Z] >>> [apiv2][body] POST https://upload-firebasehosting.googleapis.com/upload/sites/phono-3a490/versions/0f323d1ae0c42718/files/8f7de4b8be5465bd0df827c238c3e71c5c54328f8a27cf0aac3f62bdc2c0dbf5 [stream]
[debug] [2022-02-06T11:37:00.439Z] >>> [apiv2][query] POST https://upload-firebasehosting.googleapis.com/upload/sites/phono-3a490/versions/0f323d1ae0c42718/files/c68e8c936b0cca6c33013e8e481d6a1cdc488cbd2c815be859266a8d9c99fa1b [none]
[debug] [2022-02-06T11:37:00.439Z] >>> [apiv2][body] POST https://upload-firebasehosting.googleapis.com/upload/sites/phono-3a490/versions/0f323d1ae0c42718/files/c68e8c936b0cca6c33013e8e481d6a1cdc488cbd2c815be859266a8d9c99fa1b [stream]
[debug] [2022-02-06T11:37:00.440Z] >>> [apiv2][query] POST https://upload-firebasehosting.googleapis.com/upload/sites/phono-3a490/versions/0f323d1ae0c42718/files/499d8fc54d2b02e7d59b9edc79f34d98733cda1c89356b610e8be8d9448f2c32 [none]
[debug] [2022-02-06T11:37:00.440Z] >>> [apiv2][body] POST https://upload-firebasehosting.googleapis.com/upload/sites/phono-3a490/versions/0f323d1ae0c42718/files/499d8fc54d2b02e7d59b9edc79f34d98733cda1c89356b610e8be8d9448f2c32 [stream]
[debug] [2022-02-06T11:37:00.441Z] >>> [apiv2][query] POST https://upload-firebasehosting.googleapis.com/upload/sites/phono-3a490/versions/0f323d1ae0c42718/files/8cc50970b6d4b024f4bafe619ba936f79e39182dd62084830a90807b3d800232 [none]
[debug] [2022-02-06T11:37:00.441Z] >>> [apiv2][body] POST https://upload-firebasehosting.googleapis.com/upload/sites/phono-3a490/versions/0f323d1ae0c42718/files/8cc50970b6d4b024f4bafe619ba936f79e39182dd62084830a90807b3d800232 [stream]
[debug] [2022-02-06T11:37:00.442Z] >>> [apiv2][query] POST https://upload-firebasehosting.googleapis.com/upload/sites/phono-3a490/versions/0f323d1ae0c42718/files/cdbae9dc74c57314939761d67a6b5a9eb5a2fa9f064a92105cfb42aff906a1aa [none]
[debug] [2022-02-06T11:37:00.442Z] >>> [apiv2][body] POST https://upload-firebasehosting.googleapis.com/upload/sites/phono-3a490/versions/0f323d1ae0c42718/files/cdbae9dc74c57314939761d67a6b5a9eb5a2fa9f064a92105cfb42aff906a1aa [stream]
[debug] [2022-02-06T11:37:00.443Z] >>> [apiv2][query] POST https://upload-firebasehosting.googleapis.com/upload/sites/phono-3a490/versions/0f323d1ae0c42718/files/39bac7975a0d382eae6791c651c012005f71ae4e3f03a961fef92fb176d6d7de [none]
[debug] [2022-02-06T11:37:00.443Z] >>> [apiv2][body] POST https://upload-firebasehosting.googleapis.com/upload/sites/phono-3a490/versions/0f323d1ae0c42718/files/39bac7975a0d382eae6791c651c012005f71ae4e3f03a961fef92fb176d6d7de [stream]
[debug] [2022-02-06T11:37:00.444Z] >>> [apiv2][query] POST https://upload-firebasehosting.googleapis.com/upload/sites/phono-3a490/versions/0f323d1ae0c42718/files/0564cfc015d0c201994e7d9dcba3e4385bb0f458ba52ca7f4b44c46a337723dc [none]
[debug] [2022-02-06T11:37:00.444Z] >>> [apiv2][body] POST https://upload-firebasehosting.googleapis.com/upload/sites/phono-3a490/versions/0f323d1ae0c42718/files/0564cfc015d0c201994e7d9dcba3e4385bb0f458ba52ca7f4b44c46a337723dc [stream]
[debug] [2022-02-06T11:37:00.445Z] >>> [apiv2][query] POST https://upload-firebasehosting.googleapis.com/upload/sites/phono-3a490/versions/0f323d1ae0c42718/files/0fa09ff7c9a7a058e4bd7778529e1acffa3fbb5d1cefa8b157bb8a26bf2edeed [none]
[debug] [2022-02-06T11:37:00.445Z] >>> [apiv2][body] POST https://upload-firebasehosting.googleapis.com/upload/sites/phono-3a490/versions/0f323d1ae0c42718/files/0fa09ff7c9a7a058e4bd7778529e1acffa3fbb5d1cefa8b157bb8a26bf2edeed [stream]
[debug] [2022-02-06T11:37:00.448Z] [hosting][populate queue][FINAL] {"max":1835,"min":1835,"avg":1835,"active":0,"complete":1,"success":1,"errored":0,"retried":0,"total":1,"elapsed":1849}
[debug] [2022-02-06T11:37:00.448Z] [hosting] uploads queued: 12
[debug] [2022-02-06T11:37:02.266Z] <<< [apiv2][status] POST https://upload-firebasehosting.googleapis.com/upload/sites/phono-3a490/versions/0f323d1ae0c42718/files/cdbae9dc74c57314939761d67a6b5a9eb5a2fa9f064a92105cfb42aff906a1aa 200
[debug] [2022-02-06T11:37:02.267Z] <<< [apiv2][body] POST https://upload-firebasehosting.googleapis.com/upload/sites/phono-3a490/versions/0f323d1ae0c42718/files/cdbae9dc74c57314939761d67a6b5a9eb5a2fa9f064a92105cfb42aff906a1aa [stream]
[debug] [2022-02-06T11:37:02.271Z] <<< [apiv2][status] POST https://upload-firebasehosting.googleapis.com/upload/sites/phono-3a490/versions/0f323d1ae0c42718/files/8f7de4b8be5465bd0df827c238c3e71c5c54328f8a27cf0aac3f62bdc2c0dbf5 200
[debug] [2022-02-06T11:37:02.271Z] <<< [apiv2][body] POST https://upload-firebasehosting.googleapis.com/upload/sites/phono-3a490/versions/0f323d1ae0c42718/files/8f7de4b8be5465bd0df827c238c3e71c5c54328f8a27cf0aac3f62bdc2c0dbf5 [stream]
[debug] [2022-02-06T11:37:02.317Z] <<< [apiv2][status] POST https://upload-firebasehosting.googleapis.com/upload/sites/phono-3a490/versions/0f323d1ae0c42718/files/3942d6581c682edc26627c8a810485a59353d3456d980637f7a911221ddf55f1 200
[debug] [2022-02-06T11:37:02.317Z] <<< [apiv2][body] POST https://upload-firebasehosting.googleapis.com/upload/sites/phono-3a490/versions/0f323d1ae0c42718/files/3942d6581c682edc26627c8a810485a59353d3456d980637f7a911221ddf55f1 [stream]
[debug] [2022-02-06T11:37:02.560Z] <<< [apiv2][status] POST https://upload-firebasehosting.googleapis.com/upload/sites/phono-3a490/versions/0f323d1ae0c42718/files/0fa09ff7c9a7a058e4bd7778529e1acffa3fbb5d1cefa8b157bb8a26bf2edeed 200
[debug] [2022-02-06T11:37:02.560Z] <<< [apiv2][body] POST https://upload-firebasehosting.googleapis.com/upload/sites/phono-3a490/versions/0f323d1ae0c42718/files/0fa09ff7c9a7a058e4bd7778529e1acffa3fbb5d1cefa8b157bb8a26bf2edeed [stream]
[debug] [2022-02-06T11:37:02.563Z] <<< [apiv2][status] POST https://upload-firebasehosting.googleapis.com/upload/sites/phono-3a490/versions/0f323d1ae0c42718/files/eebdec951997a39c850798dcee456e9eaf8d0707a46185477013226c0a1ebb23 200
[debug] [2022-02-06T11:37:02.564Z] <<< [apiv2][body] POST https://upload-firebasehosting.googleapis.com/upload/sites/phono-3a490/versions/0f323d1ae0c42718/files/eebdec951997a39c850798dcee456e9eaf8d0707a46185477013226c0a1ebb23 [stream]
[debug] [2022-02-06T11:37:02.801Z] <<< [apiv2][status] POST https://upload-firebasehosting.googleapis.com/upload/sites/phono-3a490/versions/0f323d1ae0c42718/files/e007cf5f7c23cf080b8e131b9d4b03f406c97ada71362087c32932b60948acec 200
[debug] [2022-02-06T11:37:02.802Z] <<< [apiv2][body] POST https://upload-firebasehosting.googleapis.com/upload/sites/phono-3a490/versions/0f323d1ae0c42718/files/e007cf5f7c23cf080b8e131b9d4b03f406c97ada71362087c32932b60948acec [stream]
[debug] [2022-02-06T11:37:02.999Z] <<< [apiv2][status] POST https://upload-firebasehosting.googleapis.com/upload/sites/phono-3a490/versions/0f323d1ae0c42718/files/c68e8c936b0cca6c33013e8e481d6a1cdc488cbd2c815be859266a8d9c99fa1b 200
[debug] [2022-02-06T11:37:02.999Z] <<< [apiv2][body] POST https://upload-firebasehosting.googleapis.com/upload/sites/phono-3a490/versions/0f323d1ae0c42718/files/c68e8c936b0cca6c33013e8e481d6a1cdc488cbd2c815be859266a8d9c99fa1b [stream]
[debug] [2022-02-06T11:37:03.016Z] <<< [apiv2][status] POST https://upload-firebasehosting.googleapis.com/upload/sites/phono-3a490/versions/0f323d1ae0c42718/files/39bac7975a0d382eae6791c651c012005f71ae4e3f03a961fef92fb176d6d7de 200
[debug] [2022-02-06T11:37:03.016Z] <<< [apiv2][body] POST https://upload-firebasehosting.googleapis.com/upload/sites/phono-3a490/versions/0f323d1ae0c42718/files/39bac7975a0d382eae6791c651c012005f71ae4e3f03a961fef92fb176d6d7de [stream]
[debug] [2022-02-06T11:37:03.492Z] <<< [apiv2][status] POST https://upload-firebasehosting.googleapis.com/upload/sites/phono-3a490/versions/0f323d1ae0c42718/files/8cc50970b6d4b024f4bafe619ba936f79e39182dd62084830a90807b3d800232 200
[debug] [2022-02-06T11:37:03.493Z] <<< [apiv2][body] POST https://upload-firebasehosting.googleapis.com/upload/sites/phono-3a490/versions/0f323d1ae0c42718/files/8cc50970b6d4b024f4bafe619ba936f79e39182dd62084830a90807b3d800232 [stream]
[debug] [2022-02-06T11:37:03.685Z] <<< [apiv2][status] POST https://upload-firebasehosting.googleapis.com/upload/sites/phono-3a490/versions/0f323d1ae0c42718/files/61b9605412b6ba42bfb25aa1989570e821110babc12d97eec1437042598e555e 200
[debug] [2022-02-06T11:37:03.686Z] <<< [apiv2][body] POST https://upload-firebasehosting.googleapis.com/upload/sites/phono-3a490/versions/0f323d1ae0c42718/files/61b9605412b6ba42bfb25aa1989570e821110babc12d97eec1437042598e555e [stream]
[debug] [2022-02-06T11:37:03.735Z] <<< [apiv2][status] POST https://upload-firebasehosting.googleapis.com/upload/sites/phono-3a490/versions/0f323d1ae0c42718/files/499d8fc54d2b02e7d59b9edc79f34d98733cda1c89356b610e8be8d9448f2c32 200
[debug] [2022-02-06T11:37:03.736Z] <<< [apiv2][body] POST https://upload-firebasehosting.googleapis.com/upload/sites/phono-3a490/versions/0f323d1ae0c42718/files/499d8fc54d2b02e7d59b9edc79f34d98733cda1c89356b610e8be8d9448f2c32 [stream]
[debug] [2022-02-06T11:37:04.171Z] <<< [apiv2][status] POST https://upload-firebasehosting.googleapis.com/upload/sites/phono-3a490/versions/0f323d1ae0c42718/files/0564cfc015d0c201994e7d9dcba3e4385bb0f458ba52ca7f4b44c46a337723dc 200
[debug] [2022-02-06T11:37:04.172Z] <<< [apiv2][body] POST https://upload-firebasehosting.googleapis.com/upload/sites/phono-3a490/versions/0f323d1ae0c42718/files/0564cfc015d0c201994e7d9dcba3e4385bb0f458ba52ca7f4b44c46a337723dc [stream]
[debug] [2022-02-06T11:37:04.173Z] [hosting][upload queue][FINAL] {"max":3740,"min":1835,"avg":2557.9166666666665,"active":0,"complete":12,"success":12,"errored":0,"retried":0,"total":12,"elapsed":3741}
[info] +  hosting[phono-3a490]: file upload complete 
[debug] [2022-02-06T11:37:04.175Z] [hosting] deploy completed after 5973ms
[debug] [2022-02-06T11:37:04.181Z] [
  {
    "config": {
      "public": "build",
      "rewrites": [
        {
          "source": "**",
          "destination": "/index.html"
        }
      ],
      "ignore": [
        "firebase.json",
        "**/.*",
        "**/node_modules/**"
      ],
      "site": "phono-3a490"
    },
    "site": "phono-3a490",
    "version": "sites/phono-3a490/versions/0f323d1ae0c42718"
  }
]
[info] i  hosting[phono-3a490]: finalizing version... 
[debug] [2022-02-06T11:37:04.183Z] > refreshing access token with scopes: ["email","https://www.googleapis.com/auth/cloud-platform","https://www.googleapis.com/auth/cloudplatformprojects.readonly","https://www.googleapis.com/auth/firebase","openid"]
[debug] [2022-02-06T11:37:04.183Z] >>> HTTP REQUEST POST https://www.googleapis.com/oauth2/v3/token  
 <request body omitted>
[debug] [2022-02-06T11:37:04.424Z] <<< HTTP RESPONSE 200 {"pragma":"no-cache","cache-control":"no-cache, no-store, max-age=0, must-revalidate","expires":"Mon, 01 Jan 1990 00:00:00 GMT","date":"Sun, 06 Feb 2022 11:37:03 GMT","content-type":"application/json; charset=utf-8","vary":"X-Origin, Referer, Origin,Accept-Encoding","server":"scaffolding on HTTPServer2","x-xss-protection":"0","x-frame-options":"SAMEORIGIN","x-content-type-options":"nosniff","alt-svc":"h3=\":443\"; ma=2592000,h3-29=\":443\"; ma=2592000,h3-Q050=\":443\"; ma=2592000,h3-Q046=\":443\"; ma=2592000,h3-Q043=\":443\"; ma=2592000,quic=\":443\"; ma=2592000; v=\"46,43\"","accept-ranges":"none","transfer-encoding":"chunked"}
[debug] [2022-02-06T11:37:04.432Z] >>> HTTP REQUEST PATCH https://firebasehosting.googleapis.com/v1beta1/sites/phono-3a490/versions/0f323d1ae0c42718?updateMask=status  
 {"status":"FINALIZED"}
[debug] [2022-02-06T11:37:05.990Z] <<< HTTP RESPONSE 200 {"content-type":"application/json; charset=UTF-8","vary":"X-Origin, Referer, Origin,Accept-Encoding","date":"Sun, 06 Feb 2022 11:37:04 GMT","server":"ESF","cache-control":"private","x-xss-protection":"0","x-frame-options":"SAMEORIGIN","x-content-type-options":"nosniff","alt-svc":"h3=\":443\"; ma=2592000,h3-29=\":443\"; ma=2592000,h3-Q050=\":443\"; ma=2592000,h3-Q046=\":443\"; ma=2592000,h3-Q043=\":443\"; ma=2592000,quic=\":443\"; ma=2592000; v=\"46,43\"","accept-ranges":"none","transfer-encoding":"chunked"}
[debug] [2022-02-06T11:37:05.991Z] [hosting] finalized version for phono-3a490: {"name":"sites/phono-3a490/versions/0f323d1ae0c42718","status":"FINALIZED","config":{"rewrites":[{"glob":"**","path":"/index.html"}]},"labels":{"deployment-tool":"cli-firebase"},"createTime":"2022-02-06T11:36:56.825337Z","createUser":{"email":"sir.sharif05@gmail.com"},"finalizeTime":"2022-02-06T11:37:04.819858Z","finalizeUser":{"email":"sir.sharif05@gmail.com"}}
[info] +  hosting[phono-3a490]: version finalized 
[info] i  hosting[phono-3a490]: releasing new version... 
[debug] [2022-02-06T11:37:05.995Z] >>> HTTP REQUEST POST https://firebasehosting.googleapis.com/v1beta1/sites/phono-3a490/releases?version_name=sites/phono-3a490/versions/0f323d1ae0c42718  
 {"message":null}
[debug] [2022-02-06T11:37:07.616Z] <<< HTTP RESPONSE 200 {"content-type":"application/json; charset=UTF-8","vary":"X-Origin, Referer, Origin,Accept-Encoding","date":"Sun, 06 Feb 2022 11:37:06 GMT","server":"ESF","cache-control":"private","x-xss-protection":"0","x-frame-options":"SAMEORIGIN","x-content-type-options":"nosniff","alt-svc":"h3=\":443\"; ma=2592000,h3-29=\":443\"; ma=2592000,h3-Q050=\":443\"; ma=2592000,h3-Q046=\":443\"; ma=2592000,h3-Q043=\":443\"; ma=2592000,quic=\":443\"; ma=2592000; v=\"46,43\"","accept-ranges":"none","transfer-encoding":"chunked"}
[debug] [2022-02-06T11:37:07.617Z] [hosting] release: {"name":"sites/phono-3a490/releases/1644147425879870","version":{"name":"sites/phono-3a490/versions/0f323d1ae0c42718","status":"FINALIZED","config":{"rewrites":[{"glob":"**","path":"/index.html"}]},"labels":{"deployment-tool":"cli-firebase"},"createTime":"2022-02-06T11:36:56.825337Z","createUser":{"email":"sir.sharif05@gmail.com","imageUrl":"https://lh3.googleusercontent.com/a-/AOh14Ggn0BLh341U1QMQC5aeyOYtEHG7Va6On3wkNpLPOA"},"finalizeTime":"2022-02-06T11:37:04.819858Z","finalizeUser":{"email":"sir.sharif05@gmail.com","imageUrl":"https://lh3.googleusercontent.com/a-/AOh14Ggn0BLh341U1QMQC5aeyOYtEHG7Va6On3wkNpLPOA"}},"type":"DEPLOY","releaseTime":"2022-02-06T11:37:05.879870963Z","releaseUser":{"email":"sir.sharif05@gmail.com","imageUrl":"https://lh3.googleusercontent.com/a-/AOh14Ggn0BLh341U1QMQC5aeyOYtEHG7Va6On3wkNpLPOA"}}
[info] +  hosting[phono-3a490]: release complete 
